<?xml version="1.0" encoding="UTF-8"?>
<testsuite name="wallet.DukeTest" tests="1" skipped="0" failures="0" errors="0" timestamp="2019-09-30T01:04:32" hostname="LAPTOP-AS6H65JJ" time="0.017">
  <properties/>
  <testcase name="dummyTest()" classname="wallet.DukeTest" time="0.017"/>
  <system-out><![CDATA[]]></system-out>
  <system-err><![CDATA[]]></system-err>
</testsuite>
